<?xml version="1.0" encoding="UTF-8"?>
<!-- Generated by org.testng.reporters.JUnitXMLReporter -->
<testsuite ignored="0" hostname="DESKTOP-56QICGD" failures="0" tests="4" name="Test2" time="35.658" errors="0" timestamp="2025-11-06T16:49:04 IST">
  <testcase classname="campaigntest.CreateCampaignTest" name="createCampaignWithExpectedCloseDateTest" time="0.006">
    <skipped/>
  </testcase> <!-- createCampaignWithExpectedCloseDateTest -->
  <testcase classname="campaigntest.CreateCampaignTest" name="createCampaignWithMandatoryFieldsTest" time="0.0">
    <skipped/>
  </testcase> <!-- createCampaignWithMandatoryFieldsTest -->
  <testcase classname="campaigntest.CreateCampaignTest" name="createCampaignWithStatusTest" time="0.001">
    <skipped/>
  </testcase> <!-- createCampaignWithStatusTest -->
  <testcase classname="producttest.CreateProductTest" name="createProductMobileTest" time="33.132"/>
</testsuite> <!-- Test2 -->
