<?xml version="1.0" encoding="UTF-8"?>
<!-- Generated by org.testng.reporters.JUnitReportReporter -->
<testsuite hostname="DESKTOP-56QICGD" failures="0" tests="3" name="practice.Demo" time="0.010" errors="0" timestamp="2025-10-27T17:10:06 IST" skipped="0">
  <testcase classname="practice.Demo" name="productCreation" time="0.009"/>
  <testcase classname="practice.Demo" name="deleteProduct" time="0.001"/>
  <testcase classname="practice.Demo" name="updateProduct" time="0.000"/>
</testsuite> <!-- practice.Demo -->
